#
# A fatal error has been detected by the Java Runtime Environment:
#
#  EXCEPTION_ACCESS_VIOLATION (0xc0000005) at pc=0x0000000000000000, pid=5148, tid=5560
#
# JRE version: Java(TM) SE Runtime Environment (7.0_67-b01) (build 1.7.0_67-b01)
# Java VM: Java HotSpot(TM) 64-Bit Server VM (24.65-b04 mixed mode windows-amd64 compressed oops)
# Problematic frame:
# C  0x0000000000000000
#
# Failed to write core dump. Minidumps are not enabled by default on client versions of Windows
#
# If you would like to submit a bug report, please visit:
#   http://bugreport.sun.com/bugreport/crash.jsp
# The crash happened outside the Java Virtual Machine in native code.
# See problematic frame for where to report the bug.
#

---------------  T H R E A D  ---------------

Current thread (0x000000000a422800):  JavaThread "AWT-EventQueue-0" [_thread_in_native, id=5560, stack(0x000000000ad90000,0x000000000ae90000)]

siginfo: ExceptionCode=0xc0000005, ExceptionInformation=0x0000000000000008 0x0000000000000000

Registers:
RAX=0x0000000000000000, RBX=0x0000000000000080, RCX=0x0000000076fc180a, RDX=0x0000000000000000
RSP=0x000000000ae8bfa8, RBP=0x0000000080100080, RSI=0x0000000000000000, RDI=0x0000000000000003
R8 =0x000000000ae8bfa8, R9 =0x0000000080100080, R10=0x0000000000000000, R11=0x0000000000000202
R12=0x0000000000000001, R13=0x0000000000000000, R14=0x0000000000000000, R15=0x000000000026c9d0
RIP=0x0000000000000000, EFLAGS=0x0000000000010202

Top of Stack: (sp=0x000000000ae8bfa8)
0x000000000ae8bfa8:   000007fefce14986 0000000000000080
0x000000000ae8bfb8:   0000000080000000 0000000000000000
0x000000000ae8bfc8:   0000000002190000 0000000000000000
0x000000000ae8bfd8:   0000000000000080 0000000000000003
0x000000000ae8bfe8:   0000000000000001 0000000000000060
0x000000000ae8bff8:   0000000000000000 0000000000000000
0x000000000ae8c008:   0000000002190000 0000000000000001
0x000000000ae8c018:   000000020000000c 0000000002190101
0x000000000ae8c028:   000000000000031c 0000000000000000
0x000000000ae8c038:   0000000000000000 0000000000000001
0x000000000ae8c048:   000000000026c9d0 0000000000000003
0x000000000ae8c058:   0000000000000010 00000000021a00d6
0x000000000ae8c068:   000000000026c9d0 0000000000000000
0x000000000ae8c078:   0000000000000030 0000000000000000
0x000000000ae8c088:   000000000ae8c060 0000000000000040
0x000000000ae8c098:   0000000000000000 000000000ae8c018 

Instructions: (pc=0x0000000000000000)
0xffffffffffffffe0:   


Register to memory mapping:

RAX=0x0000000000000000 is an unknown value
RBX=0x0000000000000080 is an unknown value
RCX=0x0000000076fc180a is an unknown value
RDX=0x0000000000000000 is an unknown value
RSP=0x000000000ae8bfa8 is pointing into the stack for thread: 0x000000000a422800
RBP=0x0000000080100080 is an unknown value
RSI=0x0000000000000000 is an unknown value
RDI=0x0000000000000003 is an unknown value
R8 =0x000000000ae8bfa8 is pointing into the stack for thread: 0x000000000a422800
R9 =0x0000000080100080 is an unknown value
R10=0x0000000000000000 is an unknown value
R11=0x0000000000000202 is an unknown value
R12=0x0000000000000001 is an unknown value
R13=0x0000000000000000 is an unknown value
R14=0x0000000000000000 is an unknown value
R15=0x000000000026c9d0 is an unknown value


Stack: [0x000000000ad90000,0x000000000ae90000],  sp=0x000000000ae8bfa8,  free space=1007k
Java frames: (J=compiled Java code, j=interpreted, Vv=VM code)
j  java.io.FileInputStream.open(Ljava/lang/String;)V+0
j  java.io.FileInputStream.<init>(Ljava/io/File;)V+106
j  sun.misc.URLClassPath$FileLoader$1.getInputStream()Ljava/io/InputStream;+8
j  sun.misc.Resource.cachedInputStream()Ljava/io/InputStream;+9
j  sun.misc.Resource.getByteBuffer()Ljava/nio/ByteBuffer;+1
j  java.net.URLClassLoader.defineClass(Ljava/lang/String;Lsun/misc/Resource;)Ljava/lang/Class;+132
j  java.net.URLClassLoader.access$100(Ljava/net/URLClassLoader;Ljava/lang/String;Lsun/misc/Resource;)Ljava/lang/Class;+3
j  java.net.URLClassLoader$1.run()Ljava/lang/Class;+43
j  java.net.URLClassLoader$1.run()Ljava/lang/Object;+1
v  ~StubRoutines::call_stub
j  java.security.AccessController.doPrivileged(Ljava/security/PrivilegedExceptionAction;Ljava/security/AccessControlContext;)Ljava/lang/Object;+0
j  java.net.URLClassLoader.findClass(Ljava/lang/String;)Ljava/lang/Class;+13
j  java.lang.ClassLoader.loadClass(Ljava/lang/String;Z)Ljava/lang/Class;+70
j  sun.misc.Launcher$AppClassLoader.loadClass(Ljava/lang/String;Z)Ljava/lang/Class;+36
j  java.lang.ClassLoader.loadClass(Ljava/lang/String;)Ljava/lang/Class;+3
v  ~StubRoutines::call_stub
j  Admin.initComponents()V+662
j  Admin.<init>()V+10
j  Admin$18.run()V+4
j  java.awt.event.InvocationEvent.dispatch()V+47
j  java.awt.EventQueue.dispatchEventImpl(Ljava/awt/AWTEvent;Ljava/lang/Object;)V+21
j  java.awt.EventQueue.access$200(Ljava/awt/EventQueue;Ljava/awt/AWTEvent;Ljava/lang/Object;)V+3
j  java.awt.EventQueue$3.run()Ljava/lang/Void;+12
j  java.awt.EventQueue$3.run()Ljava/lang/Object;+1
v  ~StubRoutines::call_stub
j  java.security.AccessController.doPrivileged(Ljava/security/PrivilegedAction;Ljava/security/AccessControlContext;)Ljava/lang/Object;+0
j  java.security.ProtectionDomain$1.doIntersectionPrivilege(Ljava/security/PrivilegedAction;Ljava/security/AccessControlContext;Ljava/security/AccessControlContext;)Ljava/lang/Object;+28
j  java.awt.EventQueue.dispatchEvent(Ljava/awt/AWTEvent;)V+46
j  java.awt.EventDispatchThread.pumpOneEventForFilters(I)V+245
j  java.awt.EventDispatchThread.pumpEventsForFilter(ILjava/awt/Conditional;Ljava/awt/EventFilter;)V+35
j  java.awt.EventDispatchThread.pumpEventsForHierarchy(ILjava/awt/Conditional;Ljava/awt/Component;)V+11
j  java.awt.EventDispatchThread.pumpEvents(ILjava/awt/Conditional;)V+4
j  java.awt.EventDispatchThread.pumpEvents(Ljava/awt/Conditional;)V+3
j  java.awt.EventDispatchThread.run()V+9
v  ~StubRoutines::call_stub

---------------  P R O C E S S  ---------------

Java Threads: ( => current thread )
  0x000000000219e000 JavaThread "DestroyJavaVM" [_thread_blocked, id=3560, stack(0x0000000002450000,0x0000000002550000)]
=>0x000000000a422800 JavaThread "AWT-EventQueue-0" [_thread_in_native, id=5560, stack(0x000000000ad90000,0x000000000ae90000)]
  0x000000000a408800 JavaThread "AWT-Windows" daemon [_thread_in_native, id=3920, stack(0x000000000a990000,0x000000000aa90000)]
  0x000000000a403800 JavaThread "AWT-Shutdown" [_thread_blocked, id=1564, stack(0x0000000009d60000,0x0000000009e60000)]
  0x000000000a402000 JavaThread "Java2D Disposer" daemon [_thread_blocked, id=5100, stack(0x000000000a7a0000,0x000000000a8a0000)]
  0x00000000085e3000 JavaThread "Service Thread" daemon [_thread_blocked, id=5908, stack(0x000000000a060000,0x000000000a160000)]
  0x00000000085e1000 JavaThread "C2 CompilerThread1" daemon [_thread_blocked, id=5900, stack(0x0000000009960000,0x0000000009a60000)]
  0x00000000085df000 JavaThread "C2 CompilerThread0" daemon [_thread_blocked, id=2336, stack(0x0000000009e80000,0x0000000009f80000)]
  0x00000000085de000 JavaThread "Attach Listener" daemon [_thread_blocked, id=4260, stack(0x0000000009c60000,0x0000000009d60000)]
  0x00000000085d7000 JavaThread "Signal Dispatcher" daemon [_thread_blocked, id=5392, stack(0x0000000009ab0000,0x0000000009bb0000)]
  0x0000000008584800 JavaThread "Finalizer" daemon [_thread_blocked, id=792, stack(0x0000000009800000,0x0000000009900000)]
  0x000000000857d800 JavaThread "Reference Handler" daemon [_thread_blocked, id=1172, stack(0x0000000009540000,0x0000000009640000)]

Other Threads:
  0x0000000008577000 VMThread [stack: 0x0000000009670000,0x0000000009770000] [id=1604]
  0x00000000085e4000 WatcherThread [stack: 0x000000000a1f0000,0x000000000a2f0000] [id=6052]

VM state:not at safepoint (normal execution)

VM Mutex/Monitor currently owned by a thread: None

Heap
 PSYoungGen      total 18944K, used 3605K [0x00000000eb280000, 0x00000000ec780000, 0x0000000100000000)
  eden space 16384K, 22% used [0x00000000eb280000,0x00000000eb605670,0x00000000ec280000)
  from space 2560K, 0% used [0x00000000ec500000,0x00000000ec500000,0x00000000ec780000)
  to   space 2560K, 0% used [0x00000000ec280000,0x00000000ec280000,0x00000000ec500000)
 ParOldGen       total 42496K, used 0K [0x00000000c1800000, 0x00000000c4180000, 0x00000000eb280000)
  object space 42496K, 0% used [0x00000000c1800000,0x00000000c1800000,0x00000000c4180000)
 PSPermGen       total 21504K, used 9207K [0x00000000bc600000, 0x00000000bdb00000, 0x00000000c1800000)
  object space 21504K, 42% used [0x00000000bc600000,0x00000000bcefde60,0x00000000bdb00000)

Card table byte_map: [0x0000000005550000,0x0000000005770000] byte_map_base: 0x0000000004f6d000

Polling page: 0x0000000000430000

Code Cache  [0x0000000002550000, 0x00000000027c0000, 0x0000000005550000)
 total_blobs=378 nmethods=8 adapters=323 free_code_cache=48661Kb largest_free_block=49814592

Compilation events (10 events):
Event: 0.564 Thread 0x00000000085e1000    4             java.lang.Object::<init> (1 bytes)
Event: 0.565 Thread 0x00000000085e1000 nmethod 4 0x00000000025bc710 code [0x00000000025bc840, 0x00000000025bc8b8]
Event: 0.627 Thread 0x00000000085df000    5             java.lang.String::equals (81 bytes)
Event: 0.634 Thread 0x00000000085df000 nmethod 5 0x00000000025bfed0 code [0x00000000025c0020, 0x00000000025c0238]
Event: 0.735 Thread 0x00000000085e1000    6             sun.java2d.loops.GraphicsPrimitive::getUniqueID (5 bytes)
Event: 0.735 Thread 0x00000000085e1000 nmethod 6 0x00000000025cc310 code [0x00000000025cc440, 0x00000000025cc498]
Event: 0.820 Thread 0x00000000085df000    7             java.util.HashMap::indexFor (6 bytes)
Event: 0.820 Thread 0x00000000085df000 nmethod 7 0x00000000025b3d90 code [0x00000000025b3ec0, 0x00000000025b3ef8]
Event: 0.870 Thread 0x00000000085e1000    8             java.lang.String::indexOf (166 bytes)
Event: 0.882 Thread 0x00000000085e1000 nmethod 8 0x00000000025cdc50 code [0x00000000025cdda0, 0x00000000025ce1b8]

GC Heap History (0 events):
No events

Deoptimization events (0 events):
No events

Internal exceptions (10 events):
Event: 0.439 Thread 0x000000000219e000 Threw 0x00000000eb3c07c8 at C:\re\jdk7u67\1368\hotspot\src\share\vm\prims\jvm.cpp:1244
Event: 0.441 Thread 0x000000000219e000 Threw 0x00000000eb3c4e60 at C:\re\jdk7u67\1368\hotspot\src\share\vm\prims\jvm.cpp:1244
Event: 0.441 Thread 0x000000000219e000 Threw 0x00000000eb3c62e8 at C:\re\jdk7u67\1368\hotspot\src\share\vm\prims\jvm.cpp:1244
Event: 0.459 Thread 0x000000000219e000 Threw 0x00000000eb43e6d8 at C:\re\jdk7u67\1368\hotspot\src\share\vm\prims\jvm.cpp:1244
Event: 0.460 Thread 0x000000000219e000 Threw 0x00000000eb43fb60 at C:\re\jdk7u67\1368\hotspot\src\share\vm\prims\jvm.cpp:1244
Event: 0.462 Thread 0x000000000219e000 Threw 0x00000000eb443560 at C:\re\jdk7u67\1368\hotspot\src\share\vm\prims\jvm.cpp:1244
Event: 0.462 Thread 0x000000000219e000 Threw 0x00000000eb4449e8 at C:\re\jdk7u67\1368\hotspot\src\share\vm\prims\jvm.cpp:1244
Event: 0.471 Thread 0x000000000219e000 Threw 0x00000000eb44f438 at C:\re\jdk7u67\1368\hotspot\src\share\vm\prims\jvm.cpp:1244
Event: 0.836 Thread 0x000000000a422800 Threw 0x00000000eb5d2748 at C:\re\jdk7u67\1368\hotspot\src\share\vm\prims\jvm.cpp:1244
Event: 0.869 Thread 0x000000000a422800 Threw 0x00000000eb5d3da0 at C:\re\jdk7u67\1368\hotspot\src\share\vm\prims\jvm.cpp:1244

Events (10 events):
Event: 0.830 loading class 0x000000000a46b190
Event: 0.830 loading class 0x000000000a4a6b00
Event: 0.830 loading class 0x000000000a4a6b00 done
Event: 0.830 loading class 0x000000000a46b190 done
Event: 0.831 loading class 0x000000000a4a6bb0
Event: 0.831 loading class 0x000000000a4a6bb0 done
Event: 0.836 loading class 0x000000000a300270
Event: 0.836 loading class 0x000000000a300270 done
Event: 0.869 loading class 0x000000000a3002b0
Event: 0.869 loading class 0x000000000a3002b0 done


Dynamic libraries:
0x000000013f2b0000 - 0x000000013f2e3000 	C:\Program Files\Java\jdk1.7.0_67\bin\java.exe
0x0000000076f70000 - 0x0000000077119000 	C:\Windows\SYSTEM32\ntdll.dll
0x0000000076e50000 - 0x0000000076f6f000 	C:\Windows\system32\kernel32.dll
0x000007fefce10000 - 0x000007fefce7c000 	C:\Windows\system32\KERNELBASE.dll
0x000007fefe7c0000 - 0x000007fefe89b000 	C:\Windows\system32\ADVAPI32.dll
0x000007feff1a0000 - 0x000007feff23f000 	C:\Windows\system32\msvcrt.dll
0x000007fefd230000 - 0x000007fefd24f000 	C:\Windows\SYSTEM32\sechost.dll
0x000007fefe8a0000 - 0x000007fefe9cd000 	C:\Windows\system32\RPCRT4.dll
0x0000000076d50000 - 0x0000000076e4a000 	C:\Windows\system32\USER32.dll
0x000007fefe420000 - 0x000007fefe487000 	C:\Windows\system32\GDI32.dll
0x000007feff190000 - 0x000007feff19e000 	C:\Windows\system32\LPK.dll
0x000007fefe350000 - 0x000007fefe419000 	C:\Windows\system32\USP10.dll
0x000007fefb420000 - 0x000007fefb614000 	C:\Windows\WinSxS\amd64_microsoft.windows.common-controls_6595b64144ccf1df_6.0.7601.17514_none_fa396087175ac9ac\COMCTL32.dll
0x000007fefeec0000 - 0x000007fefef31000 	C:\Windows\system32\SHLWAPI.dll
0x000007feff250000 - 0x000007feff27e000 	C:\Windows\system32\IMM32.DLL
0x000007fefedb0000 - 0x000007fefeeb9000 	C:\Windows\system32\MSCTF.dll
0x0000000066cd0000 - 0x0000000066da2000 	C:\Program Files\Java\jdk1.7.0_67\jre\bin\msvcr100.dll
0x0000000065df0000 - 0x00000000665c2000 	C:\Program Files\Java\jdk1.7.0_67\jre\bin\server\jvm.dll
0x000007fef7620000 - 0x000007fef7629000 	C:\Windows\system32\WSOCK32.dll
0x000007fefe9d0000 - 0x000007fefea1d000 	C:\Windows\system32\WS2_32.dll
0x000007feff240000 - 0x000007feff248000 	C:\Windows\system32\NSI.dll
0x000007fefa720000 - 0x000007fefa75b000 	C:\Windows\system32\WINMM.dll
0x0000000077140000 - 0x0000000077147000 	C:\Windows\system32\PSAPI.DLL
0x0000000067190000 - 0x000000006719f000 	C:\Program Files\Java\jdk1.7.0_67\jre\bin\verify.dll
0x0000000067160000 - 0x0000000067188000 	C:\Program Files\Java\jdk1.7.0_67\jre\bin\java.dll
0x0000000067140000 - 0x0000000067155000 	C:\Program Files\Java\jdk1.7.0_67\jre\bin\zip.dll
0x0000000066b30000 - 0x0000000066cc5000 	C:\Program Files\Java\jdk1.7.0_67\jre\bin\awt.dll
0x000007fefe060000 - 0x000007fefe137000 	C:\Windows\system32\OLEAUT32.dll
0x000007fefe140000 - 0x000007fefe343000 	C:\Windows\system32\ole32.dll
0x000007fefb240000 - 0x000007fefb296000 	C:\Windows\system32\uxtheme.dll
0x000007fefa9b0000 - 0x000007fefa9c8000 	C:\Windows\system32\dwmapi.dll
0x000007fefcbd0000 - 0x000007fefcbdf000 	C:\Windows\system32\CRYPTBASE.dll
0x000007fefd250000 - 0x000007fefdfd8000 	C:\Windows\system32\SHELL32.dll
0x0000000066fa0000 - 0x0000000066fe7000 	C:\Program Files\Java\jdk1.7.0_67\jre\bin\fontmanager.dll
0x0000000067010000 - 0x0000000067029000 	C:\Program Files\Java\jdk1.7.0_67\jre\bin\net.dll
0x000007fefc510000 - 0x000007fefc565000 	C:\Windows\system32\mswsock.dll
0x000007fefc500000 - 0x000007fefc507000 	C:\Windows\System32\wship6.dll
0x0000000066ff0000 - 0x0000000067001000 	C:\Program Files\Java\jdk1.7.0_67\jre\bin\nio.dll
0x000007fee9c00000 - 0x000007fee9d25000 	C:\Windows\system32\dbghelp.dll

VM Arguments:
jvm_args: -Dfile.encoding=UTF-8 
java_command: Admin
Launcher Type: SUN_STANDARD

Environment Variables:
PATH=C:\Program Files\Common Files\Microsoft Shared\Windows Live;C:\Program Files (x86)\Common Files\Microsoft Shared\Windows Live;C:\Program Files (x86)\Intel\iCLS Client\;C:\Program Files\Intel\iCLS Client\;C:\Windows\system32;C:\Windows;C:\Windows\System32\Wbem;C:\Windows\System32\WindowsPowerShell\v1.0\;C:\Program Files (x86)\Intel\OpenCL SDK\2.0\bin\x86;C:\Program Files (x86)\Intel\OpenCL SDK\2.0\bin\x64;C:\Program Files\Intel\Intel(R) Management Engine Components\DAL;C:\Program Files\Intel\Intel(R) Management Engine Components\IPT;C:\Program Files (x86)\Intel\Intel(R) Management Engine Components\DAL;C:\Program Files (x86)\Intel\Intel(R) Management Engine Components\IPT;C:\Program Files\Intel\WiFi\bin\;C:\Program Files\Common Files\Intel\WirelessCommon\;C:\Program Files\Sony\VAIO Improvement\;C:\Program Files (x86)\Sony\VAIO Startup Setting Tool;C:\Program Files (x86)\Windows Live\Shared
USERNAME=sony
OS=Windows_NT
PROCESSOR_IDENTIFIER=Intel64 Family 6 Model 58 Stepping 9, GenuineIntel



---------------  S Y S T E M  ---------------

OS: Windows 7 , 64 bit Build 7601 Service Pack 1

CPU:total 4 (2 cores per cpu, 2 threads per core) family 6 model 58 stepping 9, cmov, cx8, fxsr, mmx, sse, sse2, sse3, ssse3, sse4.1, sse4.2, popcnt, avx, aes, erms, ht, tsc, tscinvbit, tscinv

Memory: 4k page, physical 4091164k(1765928k free), swap 8180464k(4956488k free)

vm_info: Java HotSpot(TM) 64-Bit Server VM (24.65-b04) for windows-amd64 JRE (1.7.0_67-b01), built on Jul 25 2014 08:55:00 by "java_re" with unknown MS VC++:1600

time: Sat Jan 10 17:09:17 2015
elapsed time: 1 seconds

